[handleMsg]:  {
  key: {
    remoteJid: '5213318107706@s.whatsapp.net',
    fromMe: false,
    id: '9BF6A227E58AD18510',
    participant: undefined
  },
  messageTimestamp: 1708125360,
  pushName: 'Javi Enriquez',
  broadcast: false,
  message: Message {
    extendedTextMessage: ExtendedTextMessage { text: '1', contextInfo: [ContextInfo] },
    messageContextInfo: MessageContextInfo {
      deviceListMetadata: [DeviceListMetadata],
      deviceListMetadataVersion: 2
    }
  },
  verifiedBizName: 'Javi Enriquez',
  body: '1',
  from: '5213318107706'
}
[QUEUE_SE_ENVIO]:  {
  ref: 'ans_abf7df05-34cd-4bc0-ae03-e7f4c4190209',
  keyword: 'key_73252884-1d4f-4463-a07c-81afd6b5ac84',
  answer: 'Bienvenido a _*Shades de México*_',
  options: {
    media: 'https://scontent.fgdl9-1.fna.fbcdn.net/v/t39.30808-6/277572092_108342191837258_7274138010988978035_n.jpg?_nc_cat=104&ccb=1-7&_nc_sid=efb6e6&_nc_ohc=VI3MhwmvHBwAX9EsttD&_nc_ht=scontent.fgdl9-1.fna&oh=00_AfDX0Iy-mHjNeG5HNwkEIdISyG9kS6-fevQBwOIPHLO7Pg&oe=65D53E69',
    buttons: [],
    capture: false,
    child: null,
    delay: 0,
    idle: null,
    ref: null,
    nested: [],
    keyword: {},
    callback: false
  },
  refSerialize: '18dd62efb5113bd4938763740387b528'
}
[QUEUE_SE_ENVIO]:  {
  ref: 'ans_1e9f805f-4765-4800-8fa0-e0d93b1c7de0',
  keyword: 'ans_abf7df05-34cd-4bc0-ae03-e7f4c4190209',
  answer: 'Conocé nuestras vacantes Activas y desarrolla tus habilidades con nosotros \n' +
    '\n' +
    '*_Selecciona el numero de la opción deseada:_*\n' +
    '1️⃣  Vacantes Activas\n' +
    '2️⃣  Aplicar directo Vacante',
  options: {
    media: null,
    buttons: [],
    capture: false,
    child: null,
    delay: 0,
    idle: null,
    ref: null,
    nested: [ [Object], [Object], [Object] ],
    keyword: {},
    callback: false
  },
  refSerialize: '705f4090637e3e5970af86775e00523c'
}
[handleMsg]:  {
  key: {
    remoteJid: '5213318107706@s.whatsapp.net',
    fromMe: false,
    id: '3BE4FF6790B5F85817',
    participant: undefined
  },
  messageTimestamp: 1708125362,
  pushName: 'Javi Enriquez',
  broadcast: false,
  message: Message {
    extendedTextMessage: ExtendedTextMessage { text: '1', contextInfo: [ContextInfo] },
    messageContextInfo: MessageContextInfo {
      deviceListMetadata: [DeviceListMetadata],
      deviceListMetadataVersion: 2
    }
  },
  verifiedBizName: 'Javi Enriquez',
  body: '1',
  from: '5213318107706'
}
[QUEUE_SE_ENVIO]:  {
  ref: 'ans_031d5d10-d4bb-4e98-ad64-2076772e2278',
  keyword: 'key_f0c3b2f8-cf9e-4753-a99d-10f41377b92b',
  answer: '*_Vacantes activas_*\n⌛...',
  options: {
    media: null,
    buttons: [],
    capture: false,
    child: null,
    delay: 0,
    idle: null,
    ref: null,
    nested: [],
    keyword: {},
    callback: true
  },
  refSerialize: 'c4ef41dc98c1e1b01e63a9e6ba917754'
}
[QUEUE_SE_ENVIO]:  {
  ref: 'ans_6f8e9875-5b75-4191-a80c-c7ac56963576',
  keyword: 'ans_031d5d10-d4bb-4e98-ad64-2076772e2278',
  answer: 'Escribe el numero de la vacante deseada',
  options: {
    media: null,
    buttons: [],
    capture: true,
    child: null,
    delay: 0,
    idle: null,
    ref: null,
    nested: [ [Object], [Object], [Object], [Object] ],
    keyword: {},
    callback: true
  },
  refSerialize: 'fa823f67118958ef323c9211744b4565'
}
[handleMsg]:  {
  key: {
    remoteJid: '5213318107706@s.whatsapp.net',
    fromMe: false,
    id: 'A8D769DA6456818304',
    participant: undefined
  },
  messageTimestamp: 1708125366,
  pushName: 'Javi Enriquez',
  broadcast: false,
  message: Message {
    extendedTextMessage: ExtendedTextMessage { text: '6', contextInfo: [ContextInfo] },
    messageContextInfo: MessageContextInfo {
      deviceListMetadata: [DeviceListMetadata],
      deviceListMetadataVersion: 2
    }
  },
  verifiedBizName: 'Javi Enriquez',
  body: '6',
  from: '5213318107706'
}
[handleMsg]:  {
  key: {
    remoteJid: '5213318107706@s.whatsapp.net',
    fromMe: false,
    id: '6028CB3C5E59FD304D',
    participant: undefined
  },
  messageTimestamp: 1708125368,
  pushName: 'Javi Enriquez',
  broadcast: false,
  message: Message {
    extendedTextMessage: ExtendedTextMessage { text: '4', contextInfo: [ContextInfo] },
    messageContextInfo: MessageContextInfo {
      deviceListMetadata: [DeviceListMetadata],
      deviceListMetadataVersion: 2
    }
  },
  verifiedBizName: 'Javi Enriquez',
  body: '4',
  from: '5213318107706'
}
[handleMsg]:  {
  key: {
    remoteJid: '5213318107706@s.whatsapp.net',
    fromMe: false,
    id: '4553FBB615E12DAA7A',
    participant: undefined
  },
  messageTimestamp: 1708125482,
  pushName: 'Javi Enriquez',
  broadcast: false,
  message: Message {
    extendedTextMessage: ExtendedTextMessage { text: '1', contextInfo: [ContextInfo] },
    messageContextInfo: MessageContextInfo {
      deviceListMetadata: [DeviceListMetadata],
      deviceListMetadataVersion: 2
    }
  },
  verifiedBizName: 'Javi Enriquez',
  body: '1',
  from: '5213318107706'
}
[QUEUE_SE_ENVIO]:  {
  ref: 'ans_abf7df05-34cd-4bc0-ae03-e7f4c4190209',
  keyword: 'key_73252884-1d4f-4463-a07c-81afd6b5ac84',
  answer: 'Bienvenido a _*Shades de México*_',
  options: {
    media: 'https://scontent.fgdl9-1.fna.fbcdn.net/v/t39.30808-6/277572092_108342191837258_7274138010988978035_n.jpg?_nc_cat=104&ccb=1-7&_nc_sid=efb6e6&_nc_ohc=VI3MhwmvHBwAX9EsttD&_nc_ht=scontent.fgdl9-1.fna&oh=00_AfDX0Iy-mHjNeG5HNwkEIdISyG9kS6-fevQBwOIPHLO7Pg&oe=65D53E69',
    buttons: [],
    capture: false,
    child: null,
    delay: 0,
    idle: null,
    ref: null,
    nested: [],
    keyword: {},
    callback: false
  },
  refSerialize: '18dd62efb5113bd4938763740387b528'
}
[QUEUE_SE_ENVIO]:  {
  ref: 'ans_1e9f805f-4765-4800-8fa0-e0d93b1c7de0',
  keyword: 'ans_abf7df05-34cd-4bc0-ae03-e7f4c4190209',
  answer: 'Conocé nuestras vacantes Activas y desarrolla tus habilidades con nosotros \n' +
    '\n' +
    '*_Selecciona el numero de la opción deseada:_*\n' +
    '1️⃣  Vacantes Activas\n' +
    '2️⃣  Aplicar directo Vacante',
  options: {
    media: null,
    buttons: [],
    capture: false,
    child: null,
    delay: 0,
    idle: null,
    ref: null,
    nested: [ [Object], [Object], [Object] ],
    keyword: {},
    callback: false
  },
  refSerialize: '705f4090637e3e5970af86775e00523c'
}
[handleMsg]:  {
  key: {
    remoteJid: '5213318107706@s.whatsapp.net',
    fromMe: false,
    id: 'CC0BA93831A6E67358',
    participant: undefined
  },
  messageTimestamp: 1708125485,
  pushName: 'Javi Enriquez',
  broadcast: false,
  message: Message {
    extendedTextMessage: ExtendedTextMessage { text: '1', contextInfo: [ContextInfo] },
    messageContextInfo: MessageContextInfo {
      deviceListMetadata: [DeviceListMetadata],
      deviceListMetadataVersion: 2
    }
  },
  verifiedBizName: 'Javi Enriquez',
  body: '1',
  from: '5213318107706'
}
[QUEUE_SE_ENVIO]:  {
  ref: 'ans_031d5d10-d4bb-4e98-ad64-2076772e2278',
  keyword: 'key_f0c3b2f8-cf9e-4753-a99d-10f41377b92b',
  answer: '*_Vacantes activas_*\n⌛...',
  options: {
    media: null,
    buttons: [],
    capture: false,
    child: null,
    delay: 0,
    idle: null,
    ref: null,
    nested: [],
    keyword: {},
    callback: true
  },
  refSerialize: 'c4ef41dc98c1e1b01e63a9e6ba917754'
}
[QUEUE_SE_ENVIO]:  {
  ref: 'ans_6f8e9875-5b75-4191-a80c-c7ac56963576',
  keyword: 'ans_031d5d10-d4bb-4e98-ad64-2076772e2278',
  answer: 'Escribe el numero de la vacante deseada',
  options: {
    media: null,
    buttons: [],
    capture: true,
    child: null,
    delay: 0,
    idle: null,
    ref: null,
    nested: [ [Object], [Object], [Object], [Object] ],
    keyword: {},
    callback: true
  },
  refSerialize: 'fa823f67118958ef323c9211744b4565'
}
[handleMsg]:  {
  key: {
    remoteJid: '5213318107706@s.whatsapp.net',
    fromMe: false,
    id: 'E910052EC37B88A2BF',
    participant: undefined
  },
  messageTimestamp: 1708125491,
  pushName: 'Javi Enriquez',
  broadcast: false,
  message: Message {
    extendedTextMessage: ExtendedTextMessage { text: '2', contextInfo: [ContextInfo] },
    messageContextInfo: MessageContextInfo {
      deviceListMetadata: [DeviceListMetadata],
      deviceListMetadataVersion: 2
    }
  },
  verifiedBizName: 'Javi Enriquez',
  body: '2',
  from: '5213318107706'
}
[QUEUE_SE_ENVIO]:  {
  ref: 'ans_2c6097fa-4cfc-410d-850d-c4fdc8b3d5b2',
  keyword: 'key_36590b2f-1c18-4d70-bad1-c9e5d3114063',
  answer: 'Entraste al formulario',
  options: {
    media: null,
    buttons: [],
    capture: false,
    child: null,
    delay: 0,
    idle: null,
    ref: null,
    nested: [],
    keyword: {},
    callback: false
  },
  refSerialize: '2b6d791b0fc999f5dc450427bb0891f8'
}
