5213318107706:ENCOLADO ans_c3d530a2-8ce1-4856-8fc2-ff81eda93177
EJECUTANDO:ans_c3d530a2-8ce1-4856-8fc2-ff81eda93177
5213318107706:SUCCESS
5213318107706:ENCOLADO ans_c84f6587-eaec-46f6-9185-1c85785c7bc2
EJECUTANDO:ans_c84f6587-eaec-46f6-9185-1c85785c7bc2
5213318107706:SUCCESS
5213318107706:ENCOLADO ans_f59ca1ad-a403-4aec-a1be-2c7ee21b15da
EJECUTANDO:ans_f59ca1ad-a403-4aec-a1be-2c7ee21b15da
5213318107706:SUCCESS
5213318107706:ENCOLADO ans_ee9cc6ff-821f-4e79-8134-c96ba86d1129
EJECUTANDO:ans_ee9cc6ff-821f-4e79-8134-c96ba86d1129
5213318107706:SUCCESS
5213318107706:ENCOLADO ans_fc8da420-27d8-4212-a1f4-7267c7f933b9
EJECUTANDO:ans_fc8da420-27d8-4212-a1f4-7267c7f933b9
5213318107706:SUCCESS
5213318107706:ENCOLADO ans_231b6579-8cb8-4f41-b6e6-9969283b74f8
EJECUTANDO:ans_231b6579-8cb8-4f41-b6e6-9969283b74f8
5213318107706:SUCCESS
5213318107706:ENCOLADO ans_b02c05b9-de16-4e1a-8837-d24585a247bc
EJECUTANDO:ans_b02c05b9-de16-4e1a-8837-d24585a247bc
5213318107706:SUCCESS
